0 info it worked if it ends with ok
1 verbose cli [ '/usr/local/bin/node',
1 verbose cli   '/usr/local/bin/npm',
1 verbose cli   'install',
1 verbose cli   '-g',
1 verbose cli   'bower' ]
2 info using npm@2.14.12
3 info using node@v4.2.6
4 verbose install initial load of /usr/local/lib/package.json
5 verbose readDependencies loading dependencies from /usr/local/lib/package.json
6 silly cache add args [ 'bower', null ]
7 verbose cache add spec bower
8 silly cache add parsed spec Result {
8 silly cache add   raw: 'bower',
8 silly cache add   scope: null,
8 silly cache add   name: 'bower',
8 silly cache add   rawSpec: '',
8 silly cache add   spec: 'latest',
8 silly cache add   type: 'tag' }
9 silly addNamed bower@latest
10 verbose addNamed "latest" is being treated as a dist-tag for bower
11 info addNameTag [ 'bower', 'latest' ]
12 silly mapToRegistry name bower
13 silly mapToRegistry using default registry
14 silly mapToRegistry registry https://registry.npmjs.org/
15 silly mapToRegistry uri https://registry.npmjs.org/bower
16 verbose addNameTag registry:https://registry.npmjs.org/bower not in flight; fetching
17 verbose request uri https://registry.npmjs.org/bower
18 verbose request no auth needed
19 info attempt registry request try #1 at 12:02:22 PM
20 verbose request id 35c0ebfb67b06226
21 verbose etag "4GD8DOJOZX5XTA9KU3VBZO4UA"
22 http request GET https://registry.npmjs.org/bower
23 http 200 https://registry.npmjs.org/bower
24 verbose headers { server: 'CouchDB/1.5.0 (Erlang OTP/R16B03)',
24 verbose headers   etag: '"CJW4YPGCG5G6JS15NFDXZA3YG"',
24 verbose headers   'content-type': 'application/json',
24 verbose headers   'cache-control': 'max-age=300',
24 verbose headers   'content-length': '169307',
24 verbose headers   'accept-ranges': 'bytes',
24 verbose headers   date: 'Tue, 08 Mar 2016 19:02:23 GMT',
24 verbose headers   via: '1.1 varnish',
24 verbose headers   age: '265',
24 verbose headers   connection: 'keep-alive',
24 verbose headers   'x-served-by': 'cache-sjc3129-SJC',
24 verbose headers   'x-cache': 'HIT',
24 verbose headers   'x-cache-hits': '9',
24 verbose headers   'x-timer': 'S1457463743.908516,VS0,VE0',
24 verbose headers   vary: 'Accept' }
25 silly get cb [ 200,
25 silly get   { server: 'CouchDB/1.5.0 (Erlang OTP/R16B03)',
25 silly get     etag: '"CJW4YPGCG5G6JS15NFDXZA3YG"',
25 silly get     'content-type': 'application/json',
25 silly get     'cache-control': 'max-age=300',
25 silly get     'content-length': '169307',
25 silly get     'accept-ranges': 'bytes',
25 silly get     date: 'Tue, 08 Mar 2016 19:02:23 GMT',
25 silly get     via: '1.1 varnish',
25 silly get     age: '265',
25 silly get     connection: 'keep-alive',
25 silly get     'x-served-by': 'cache-sjc3129-SJC',
25 silly get     'x-cache': 'HIT',
25 silly get     'x-cache-hits': '9',
25 silly get     'x-timer': 'S1457463743.908516,VS0,VE0',
25 silly get     vary: 'Accept' } ]
26 verbose get saving bower to /Users/lesliebrown/.npm/registry.npmjs.org/bower/.cache.json
27 silly addNameTag next cb for bower with tag latest
28 silly addNamed bower@1.7.7
29 verbose addNamed "1.7.7" is a plain semver version for bower
30 silly mapToRegistry name bower
31 silly mapToRegistry using default registry
32 silly mapToRegistry registry https://registry.npmjs.org/
33 silly mapToRegistry uri https://registry.npmjs.org/bower
34 verbose addRemoteTarball https://registry.npmjs.org/bower/-/bower-1.7.7.tgz not in flight; adding
35 verbose addRemoteTarball [ 'https://registry.npmjs.org/bower/-/bower-1.7.7.tgz',
35 verbose addRemoteTarball   '2fd7ff3ebdcba5a8ffcd84c397c8fdfe9f825f92' ]
36 info retry fetch attempt 1 at 12:02:24 PM
37 info attempt registry request try #1 at 12:02:24 PM
38 http fetch GET https://registry.npmjs.org/bower/-/bower-1.7.7.tgz
39 http fetch 200 https://registry.npmjs.org/bower/-/bower-1.7.7.tgz
40 silly fetchAndShaCheck shasum 2fd7ff3ebdcba5a8ffcd84c397c8fdfe9f825f92
41 verbose addTmpTarball /var/folders/x3/w6yjf66n0cj1_5bfwk784f300000gn/T/npm-57736-f781fcba/registry.npmjs.org/bower/-/bower-1.7.7.tgz not in flight; adding
42 verbose addTmpTarball already have metadata; skipping unpack for bower@1.7.7
43 silly cache afterAdd bower@1.7.7
44 verbose afterAdd /Users/lesliebrown/.npm/bower/1.7.7/package/package.json not in flight; writing
45 verbose afterAdd /Users/lesliebrown/.npm/bower/1.7.7/package/package.json written
46 silly install resolved [ { name: 'bower',
46 silly install resolved     version: '1.7.7',
46 silly install resolved     description: 'The browser package manager',
46 silly install resolved     author: { name: 'Twitter' },
46 silly install resolved     license: 'MIT',
46 silly install resolved     repository: { type: 'git', url: 'git+https://github.com/bower/bower.git' },
46 silly install resolved     main: 'lib',
46 silly install resolved     bin: { bower: 'bin/bower' },
46 silly install resolved     homepage: 'http://bower.io',
46 silly install resolved     engines: { node: '>=0.10.0' },
46 silly install resolved     keywords: [ 'bower' ],
46 silly install resolved     files: [ 'bin', 'lib' ],
46 silly install resolved     bugs: { url: 'https://github.com/bower/bower/issues' },
46 silly install resolved     _id: 'bower@1.7.7',
46 silly install resolved     scripts: {},
46 silly install resolved     _shasum: '2fd7ff3ebdcba5a8ffcd84c397c8fdfe9f825f92',
46 silly install resolved     _from: 'bower@latest',
46 silly install resolved     _npmVersion: '3.5.3',
46 silly install resolved     _nodeVersion: '4.1.1',
46 silly install resolved     _npmUser: { name: 'sheerun', email: 'sheerun@sher.pl' },
46 silly install resolved     dist:
46 silly install resolved      { shasum: '2fd7ff3ebdcba5a8ffcd84c397c8fdfe9f825f92',
46 silly install resolved        tarball: 'http://registry.npmjs.org/bower/-/bower-1.7.7.tgz' },
46 silly install resolved     maintainers:
46 silly install resolved      [ [Object],
46 silly install resolved        [Object],
46 silly install resolved        [Object],
46 silly install resolved        [Object],
46 silly install resolved        [Object],
46 silly install resolved        [Object],
46 silly install resolved        [Object] ],
46 silly install resolved     directories: {},
46 silly install resolved     _resolved: 'https://registry.npmjs.org/bower/-/bower-1.7.7.tgz' } ]
47 info install bower@1.7.7 into /usr/local/lib
48 info installOne bower@1.7.7
49 verbose installOne of bower to /usr/local/lib not in flight; installing
50 verbose lock using /Users/lesliebrown/.npm/_locks/bower-e8debc5417026b57.lock for /usr/local/lib/node_modules/bower
51 silly install write writing bower 1.7.7 to /usr/local/lib/node_modules/bower
52 verbose unbuild lib/node_modules/bower
53 info preuninstall bower@1.6.5
54 info uninstall bower@1.6.5
55 verbose unbuild rmStuff bower@1.6.5 from /usr/local/lib/node_modules
56 silly gentlyRm /usr/local/bin/bower is being gently removed
57 silly gentlyRm verifying /usr/local is an npm working directory
58 silly gentlyRm containing path /usr/local is under npm's control, in /usr/local
59 silly gentlyRm deletion target /usr/local/bin/bower is under /usr/local
60 verbose gentlyRm vacuuming from /usr/local/bin/bower up to /usr/local
61 silly vacuum-fs removing /usr/local/bin/bower
62 verbose unlock done using /Users/lesliebrown/.npm/_locks/bower-e8debc5417026b57.lock for /usr/local/lib/node_modules/bower
63 verbose stack Error: EACCES: permission denied, unlink '/usr/local/bin/bower'
63 verbose stack     at Error (native)
64 verbose cwd /Users/lesliebrown/Google Drive/Dev/Class Projects/RESTfulAngular
65 error Darwin 14.4.0
66 error argv "/usr/local/bin/node" "/usr/local/bin/npm" "install" "-g" "bower"
67 error node v4.2.6
68 error npm  v2.14.12
69 error path /usr/local/bin/bower
70 error code EACCES
71 error errno -13
72 error syscall unlink
73 error Error: EACCES: permission denied, unlink '/usr/local/bin/bower'
73 error     at Error (native)
73 error  { [Error: EACCES: permission denied, unlink '/usr/local/bin/bower']
73 error   errno: -13,
73 error   code: 'EACCES',
73 error   syscall: 'unlink',
73 error   path: '/usr/local/bin/bower' }
74 error Please try running this command again as root/Administrator.
75 verbose exit [ -13, true ]
76 verbose unbuild lib/node_modules/bower
77 info preuninstall bower@1.6.5
78 info uninstall bower@1.6.5
79 verbose unbuild rmStuff bower@1.6.5 from /usr/local/lib/node_modules
80 silly gentlyRm /usr/local/bin/bower is being gently removed
81 silly gentlyRm verifying /usr/local is an npm working directory
82 silly gentlyRm containing path /usr/local is under npm's control, in /usr/local
83 silly gentlyRm deletion target /usr/local/bin/bower is under /usr/local
84 verbose gentlyRm vacuuming from /usr/local/bin/bower up to /usr/local
85 silly vacuum-fs removing /usr/local/bin/bower
86 error error rolling back Error: EACCES: permission denied, unlink '/usr/local/bin/bower'
86 error error rolling back     at Error (native)
86 error error rolling back  { [Error: EACCES: permission denied, unlink '/usr/local/bin/bower']
86 error error rolling back   errno: -13,
86 error error rolling back   code: 'EACCES',
86 error error rolling back   syscall: 'unlink',
86 error error rolling back   path: '/usr/local/bin/bower' }
